<?xml version="1.0" encoding="UTF-8"?>
<!-- Generated by org.testng.reporters.JUnitReportReporter -->
<testsuite hostname="LAPTOP-BH9IM1PN" failures="0" tests="1" name="package1.sample" time="5.966" errors="0" timestamp="2023-12-14T08:22:43 IST" skipped="0">
  <testcase classname="package1.sample" name="sanityTest" time="5.966"/>
</testsuite> <!-- package1.sample -->
