<?xml version="1.0" encoding="UTF-8"?>
<!-- Generated by org.testng.reporters.JUnitReportReporter -->
<testsuite hostname="LAPTOP-BH9IM1PN" failures="0" tests="1" name="package1.loginTest" time="0.036" errors="0" timestamp="22 Nov 2023 10:34:34 GMT" skipped="0">
  <testcase classname="package1.loginTest" name="login" time="0.036"/>
</testsuite> <!-- package1.loginTest -->
